<?xml version="1.0" encoding="UTF-8"?>
<!-- Generated by org.testng.reporters.JUnitXMLReporter -->
<testsuite hostname="OAR-COU1-PC" name="Command line test" tests="3" failures="0" timestamp="31 Oct 2018 02:34:22 GMT" time="10.618" errors="0">
  <testcase name="createcustomertest" time="10.604" classname="com.acttime.customertest.CustomerTest"/>
  <testcase name="deletecustomertest" time="0.0" classname="com.acttime.customertest.CustomerTest"/>
  <testcase name="modifycustomertest" time="0.0" classname="com.acttime.customertest.CustomerTest"/>
</testsuite> <!-- Command line test -->
