<?xml version="1.0" encoding="UTF-8"?>
<testng-results skipped="0" failed="1" total="3" passed="2">
  <reporter-output>
  </reporter-output>
  <suite name="Suite" duration-ms="117" started-at="2018-10-31T03:25:07Z" finished-at="2018-10-31T03:25:07Z">
    <groups>
      <group name="st">
        <method signature="CustomerTest.createcustomertest()[pri:0, instance:com.acttime.customertest.CustomerTest@171769e]" name="createcustomertest" class="com.acttime.customertest.CustomerTest"/>
      </group> <!-- st -->
      <group name="rt">
        <method signature="CustomerTest.deletecustomertest()[pri:0, instance:com.acttime.customertest.CustomerTest@171769e]" name="deletecustomertest" class="com.acttime.customertest.CustomerTest"/>
        <method signature="CustomerTest.modifycustomertest()[pri:0, instance:com.acttime.customertest.CustomerTest@171769e]" name="modifycustomertest" class="com.acttime.customertest.CustomerTest"/>
      </group> <!-- rt -->
    </groups>
    <test name="Test" duration-ms="117" started-at="2018-10-31T03:25:07Z" finished-at="2018-10-31T03:25:07Z">
      <class name="com.acttime.customertest.CustomerTest">
        <test-method status="FAIL" signature="createcustomertest()[pri:0, instance:com.acttime.customertest.CustomerTest@171769e]" name="createcustomertest" duration-ms="82" started-at="2018-10-31T08:55:07Z" finished-at="2018-10-31T08:55:07Z">
          <exception class="org.openqa.selenium.WebDriverException">
            <message>
              <![CDATA[Cannot find firefox binary in PATH. Make sure firefox is installed. OS appears to be: VISTA
Build info: version: '2.53.1', revision: 'a36b8b1cd5757287168e54b817830adce9b0158d', time: '2016-06-30 19:26:09'
System info: host: 'OAR-COU1-PC', ip: '192.168.0.101', os.name: 'Windows 7', os.arch: 'x86', os.version: '6.1', java.version: '1.8.0_66'
Driver info: driver.version: FirefoxDriver]]>
            </message>
            <full-stacktrace>
              <![CDATA[org.openqa.selenium.WebDriverException: Cannot find firefox binary in PATH. Make sure firefox is installed. OS appears to be: VISTA
Build info: version: '2.53.1', revision: 'a36b8b1cd5757287168e54b817830adce9b0158d', time: '2016-06-30 19:26:09'
System info: host: 'OAR-COU1-PC', ip: '192.168.0.101', os.name: 'Windows 7', os.arch: 'x86', os.version: '6.1', java.version: '1.8.0_66'
Driver info: driver.version: FirefoxDriver
	at org.openqa.selenium.firefox.internal.Executable.<init>(Executable.java:75)
	at org.openqa.selenium.firefox.FirefoxBinary.<init>(FirefoxBinary.java:60)
	at org.openqa.selenium.firefox.FirefoxBinary.<init>(FirefoxBinary.java:56)
	at org.openqa.selenium.firefox.FirefoxDriver.<init>(FirefoxDriver.java:120)
	at com.acttime.customertest.CustomerTest.createcustomertest(CustomerTest.java:11)
	at sun.reflect.NativeMethodAccessorImpl.invoke0(Native Method)
	at sun.reflect.NativeMethodAccessorImpl.invoke(Unknown Source)
	at sun.reflect.DelegatingMethodAccessorImpl.invoke(Unknown Source)
	at java.lang.reflect.Method.invoke(Unknown Source)
	at org.testng.internal.MethodInvocationHelper.invokeMethod(MethodInvocationHelper.java:80)
	at org.testng.internal.Invoker.invokeMethod(Invoker.java:714)
	at org.testng.internal.Invoker.invokeTestMethod(Invoker.java:901)
	at org.testng.internal.Invoker.invokeTestMethods(Invoker.java:1231)
	at org.testng.internal.TestMethodWorker.invokeTestMethods(TestMethodWorker.java:127)
	at org.testng.internal.TestMethodWorker.run(TestMethodWorker.java:111)
	at org.testng.TestRunner.privateRun(TestRunner.java:767)
	at org.testng.TestRunner.run(TestRunner.java:617)
	at org.testng.SuiteRunner.runTest(SuiteRunner.java:334)
	at org.testng.SuiteRunner.runSequentially(SuiteRunner.java:329)
	at org.testng.SuiteRunner.privateRun(SuiteRunner.java:291)
	at org.testng.SuiteRunner.run(SuiteRunner.java:240)
	at org.testng.SuiteRunnerWorker.runSuite(SuiteRunnerWorker.java:52)
	at org.testng.SuiteRunnerWorker.run(SuiteRunnerWorker.java:86)
	at org.testng.TestNG.runSuitesSequentially(TestNG.java:1198)
	at org.testng.TestNG.runSuitesLocally(TestNG.java:1123)
	at org.testng.TestNG.run(TestNG.java:1031)
	at org.apache.maven.surefire.testng.TestNGExecutor.run(TestNGExecutor.java:295)
	at org.apache.maven.surefire.testng.TestNGXmlTestSuite.execute(TestNGXmlTestSuite.java:84)
	at org.apache.maven.surefire.testng.TestNGProvider.invoke(TestNGProvider.java:90)
	at org.apache.maven.surefire.booter.ForkedBooter.invokeProviderInSameClassLoader(ForkedBooter.java:203)
	at org.apache.maven.surefire.booter.ForkedBooter.runSuitesInProcess(ForkedBooter.java:155)
	at org.apache.maven.surefire.booter.ForkedBooter.main(ForkedBooter.java:103)
]]>
            </full-stacktrace>
          </exception> <!-- org.openqa.selenium.WebDriverException -->
          <reporter-output>
          </reporter-output>
        </test-method> <!-- createcustomertest -->
        <test-method status="PASS" signature="deletecustomertest()[pri:0, instance:com.acttime.customertest.CustomerTest@171769e]" name="deletecustomertest" duration-ms="1" started-at="2018-10-31T08:55:07Z" finished-at="2018-10-31T08:55:07Z">
          <reporter-output>
          </reporter-output>
        </test-method> <!-- deletecustomertest -->
        <test-method status="PASS" signature="modifycustomertest()[pri:0, instance:com.acttime.customertest.CustomerTest@171769e]" name="modifycustomertest" duration-ms="1" started-at="2018-10-31T08:55:07Z" finished-at="2018-10-31T08:55:07Z">
          <reporter-output>
          </reporter-output>
        </test-method> <!-- modifycustomertest -->
      </class> <!-- com.acttime.customertest.CustomerTest -->
    </test> <!-- Test -->
  </suite> <!-- Suite -->
</testng-results>
